#
# There is insufficient memory for the Java Runtime Environment to continue.
# Native memory allocation (malloc) failed to allocate 1148496 bytes. Error detail: Chunk::new
# Possible reasons:
#   The system is out of physical RAM or swap space
#   This process is running with CompressedOops enabled, and the Java Heap may be blocking the growth of the native heap
# Possible solutions:
#   Reduce memory load on the system
#   Increase physical memory or swap space
#   Check if swap backing store is full
#   Decrease Java heap size (-Xmx/-Xms)
#   Decrease number of Java threads
#   Decrease Java thread stack sizes (-Xss)
#   Set larger code cache with -XX:ReservedCodeCacheSize=
#   JVM is running with Unscaled Compressed Oops mode in which the Java heap is
#     placed in the first 4GB address space. The Java Heap base address is the
#     maximum limit for the native heap growth. Please use -XX:HeapBaseMinAddress
#     to set the Java Heap base and to place the Java Heap above 4GB virtual address.
# This output file may be truncated or incomplete.
#
#  Out of Memory Error (arena.cpp:191), pid=2276, tid=7348
#
# JRE version: OpenJDK Runtime Environment Temurin-17.0.12+7 (17.0.12+7) (build 17.0.12+7)
# Java VM: OpenJDK 64-Bit Server VM Temurin-17.0.12+7 (17.0.12+7, mixed mode, tiered, compressed oops, compressed class ptrs, parallel gc, windows-amd64)
# No core dump will be written. Minidumps are not enabled by default on client versions of Windows
#

---------------  S U M M A R Y ------------

Command Line: --add-modules=ALL-SYSTEM --add-opens=java.base/java.util=ALL-UNNAMED --add-opens=java.base/java.lang=ALL-UNNAMED --add-opens=java.base/sun.nio.fs=ALL-UNNAMED -Declipse.application=org.eclipse.jdt.ls.core.id1 -Dosgi.bundles.defaultStartLevel=4 -Declipse.product=org.eclipse.jdt.ls.core.product -Djava.import.generatesMetadataFilesAtProjectRoot=false -DDetectVMInstallationsJob.disabled=true -Dfile.encoding=utf8 -XX:+UseParallelGC -XX:GCTimeRatio=4 -XX:AdaptiveSizePolicyWeight=90 -Dsun.zip.disableMemoryMapping=true -Xmx1G -Xms100m -Xlog:disable -javaagent:c:\Users\nguye\.cursor\extensions\redhat.java-1.35.1-win32-x64\lombok\lombok-1.18.33.jar -XX:+HeapDumpOnOutOfMemoryError -XX:HeapDumpPath=c:\Users\nguye\AppData\Roaming\Cursor\User\workspaceStorage\627dba60e2dc9733b21ab407e8830a95\redhat.java -Daether.dependencyCollector.impl=bf c:\Users\nguye\.cursor\extensions\redhat.java-1.35.1-win32-x64\server\plugins\org.eclipse.equinox.launcher_1.6.900.v20240613-2009.jar -configuration c:\Users\nguye\AppData\Roaming\Cursor\User\globalStorage\redhat.java\1.35.1\config_win -data c:\Users\nguye\AppData\Roaming\Cursor\User\workspaceStorage\627dba60e2dc9733b21ab407e8830a95\redhat.java\jdt_ws --pipe=\\.\pipe\lsp-07f7034cc29d2a6d9ebaf1b63f66b17a-sock

Host: Intel(R) Core(TM) i5-8265U CPU @ 1.60GHz, 8 cores, 7G,  Windows 11 , 64 bit Build 22621 (10.0.22621.3958)
Time: Wed Oct 16 02:56:57 2024 SE Asia Standard Time elapsed time: 8.769027 seconds (0d 0h 0m 8s)

---------------  T H R E A D  ---------------

Current thread (0x00000225e083e790):  JavaThread "C2 CompilerThread0" daemon [_thread_in_native, id=7348, stack(0x00000064cd700000,0x00000064cd800000)]


Current CompileTask:
C2:   8769 3764       4       org.eclipse.osgi.internal.loader.ModuleClassLoader::toString (80 bytes)

Stack: [0x00000064cd700000,0x00000064cd800000]
Native frames: (J=compiled Java code, j=interpreted, Vv=VM code, C=native code)
V  [jvm.dll+0x67f929]
V  [jvm.dll+0x8371ba]
V  [jvm.dll+0x838c7e]
V  [jvm.dll+0x8392e3]
V  [jvm.dll+0x24834f]
V  [jvm.dll+0xac9d4]
V  [jvm.dll+0xad01c]
V  [jvm.dll+0x367452]
V  [jvm.dll+0x33197a]
V  [jvm.dll+0x330e1a]
V  [jvm.dll+0x21a8b1]
V  [jvm.dll+0x219cf1]
V  [jvm.dll+0x1a58bd]
V  [jvm.dll+0x229a2d]
V  [jvm.dll+0x227bdc]
V  [jvm.dll+0x7ec1f7]
V  [jvm.dll+0x7e65dc]
V  [jvm.dll+0x67e7f7]
C  [ucrtbase.dll+0x29333]
C  [KERNEL32.DLL+0x1257d]
C  [ntdll.dll+0x5af08]


---------------  P R O C E S S  ---------------

Threads class SMR info:
_java_thread_list=0x00000225e8211600, length=26, elements={
0x00000225cc9adcf0, 0x00000225e0832020, 0x00000225e0833eb0, 0x00000225e083a260,
0x00000225e083aef0, 0x00000225e083bd70, 0x00000225e083daa0, 0x00000225e083e790,
0x00000225e595dbe0, 0x00000225e597c100, 0x00000225e598c1c0, 0x00000225e5a25f40,
0x00000225e6ccdf10, 0x00000225e6cd0280, 0x00000225e6cce420, 0x00000225e6cd16c0,
0x00000225e6ccfd70, 0x00000225e6ccee40, 0x00000225e6ccf860, 0x00000225e6cd0790,
0x00000225e6cd11b0, 0x00000225e771a5d0, 0x00000225e6cd0ca0, 0x00000225e83c2580,
0x00000225e83c2a90, 0x00000225e7719090
}

Java Threads: ( => current thread )
  0x00000225cc9adcf0 JavaThread "main" [_thread_blocked, id=24068, stack(0x00000064cce00000,0x00000064ccf00000)]
  0x00000225e0832020 JavaThread "Reference Handler" daemon [_thread_blocked, id=11080, stack(0x00000064cd100000,0x00000064cd200000)]
  0x00000225e0833eb0 JavaThread "Finalizer" daemon [_thread_blocked, id=26136, stack(0x00000064cd200000,0x00000064cd300000)]
  0x00000225e083a260 JavaThread "Signal Dispatcher" daemon [_thread_blocked, id=12772, stack(0x00000064cd300000,0x00000064cd400000)]
  0x00000225e083aef0 JavaThread "Attach Listener" daemon [_thread_blocked, id=7460, stack(0x00000064cd400000,0x00000064cd500000)]
  0x00000225e083bd70 JavaThread "Service Thread" daemon [_thread_blocked, id=21736, stack(0x00000064cd500000,0x00000064cd600000)]
  0x00000225e083daa0 JavaThread "Monitor Deflation Thread" daemon [_thread_blocked, id=21028, stack(0x00000064cd600000,0x00000064cd700000)]
=>0x00000225e083e790 JavaThread "C2 CompilerThread0" daemon [_thread_in_native, id=7348, stack(0x00000064cd700000,0x00000064cd800000)]
  0x00000225e595dbe0 JavaThread "C1 CompilerThread0" daemon [_thread_blocked, id=8924, stack(0x00000064cd800000,0x00000064cd900000)]
  0x00000225e597c100 JavaThread "Sweeper thread" daemon [_thread_blocked, id=22360, stack(0x00000064cd900000,0x00000064cda00000)]
  0x00000225e598c1c0 JavaThread "Common-Cleaner" daemon [_thread_blocked, id=7296, stack(0x00000064cda00000,0x00000064cdb00000)]
  0x00000225e5a25f40 JavaThread "Notification Thread" daemon [_thread_blocked, id=20884, stack(0x00000064cdb00000,0x00000064cdc00000)]
  0x00000225e6ccdf10 JavaThread "Active Thread: Equinox Container: 8f169a3f-42ee-479d-99be-68383430b714" [_thread_blocked, id=20852, stack(0x00000064ce400000,0x00000064ce500000)]
  0x00000225e6cd0280 JavaThread "Framework Event Dispatcher: Equinox Container: 8f169a3f-42ee-479d-99be-68383430b714" daemon [_thread_blocked, id=16128, stack(0x00000064ce600000,0x00000064ce700000)]
  0x00000225e6cce420 JavaThread "Start Level: Equinox Container: 8f169a3f-42ee-479d-99be-68383430b714" daemon [_thread_in_vm, id=24568, stack(0x00000064ce700000,0x00000064ce800000)]
  0x00000225e6cd16c0 JavaThread "Bundle File Closer" daemon [_thread_blocked, id=22876, stack(0x00000064ce500000,0x00000064ce600000)]
  0x00000225e6ccfd70 JavaThread "SCR Component Actor" daemon [_thread_blocked, id=19884, stack(0x00000064ce900000,0x00000064cea00000)]
  0x00000225e6ccee40 JavaThread "SCR Component Registry" daemon [_thread_blocked, id=7112, stack(0x00000064cea00000,0x00000064ceb00000)]
  0x00000225e6ccf860 JavaThread "Worker-JM" [_thread_blocked, id=19540, stack(0x00000064ce300000,0x00000064ce400000)]
  0x00000225e6cd0790 JavaThread "Worker-0: Updating Maven Dependencies" [_thread_in_Java, id=3712, stack(0x00000064ceb00000,0x00000064cec00000)]
  0x00000225e6cd11b0 JavaThread "Worker-1: Repository registry initialization" [_thread_blocked, id=18364, stack(0x00000064cec00000,0x00000064ced00000)]
  0x00000225e771a5d0 JavaThread "C2 CompilerThread1" daemon [_thread_in_native, id=2064, stack(0x00000064ced00000,0x00000064cee00000)]
  0x00000225e6cd0ca0 JavaThread "Java indexing" daemon [_thread_blocked, id=19132, stack(0x00000064cee00000,0x00000064cef00000)]
  0x00000225e83c2580 JavaThread "Worker-2" [_thread_blocked, id=22660, stack(0x00000064cef00000,0x00000064cf000000)]
  0x00000225e83c2a90 JavaThread "Worker-3" [_thread_blocked, id=11624, stack(0x00000064cf000000,0x00000064cf100000)]
  0x00000225e7719090 JavaThread "C2 CompilerThread2" daemon [_thread_in_native, id=9396, stack(0x00000064cf100000,0x00000064cf200000)]

Other Threads:
  0x00000225e0727820 VMThread "VM Thread" [stack: 0x00000064cd000000,0x00000064cd100000] [id=24636]
  0x00000225e5c674a0 WatcherThread [stack: 0x00000064cdc00000,0x00000064cdd00000] [id=11752]
  0x00000225cc9c3320 GCTaskThread "GC Thread#0" [stack: 0x00000064ccf00000,0x00000064cd000000] [id=3932]
  0x00000225e7008020 GCTaskThread "GC Thread#1" [stack: 0x00000064cdd00000,0x00000064cde00000] [id=1504]
  0x00000225e6b4ea40 GCTaskThread "GC Thread#2" [stack: 0x00000064cde00000,0x00000064cdf00000] [id=21960]
  0x00000225e6b4ed00 GCTaskThread "GC Thread#3" [stack: 0x00000064cdf00000,0x00000064ce000000] [id=11568]
  0x00000225e6b4efc0 GCTaskThread "GC Thread#4" [stack: 0x00000064ce000000,0x00000064ce100000] [id=23920]
  0x00000225e6b4f280 GCTaskThread "GC Thread#5" [stack: 0x00000064ce100000,0x00000064ce200000] [id=9672]
  0x00000225e6b4f540 GCTaskThread "GC Thread#6" [stack: 0x00000064ce200000,0x00000064ce300000] [id=25708]
  0x00000225e70e2410 GCTaskThread "GC Thread#7" [stack: 0x00000064ce800000,0x00000064ce900000] [id=1260]

Threads with active compile tasks:
C2 CompilerThread0     9121 3764       4       org.eclipse.osgi.internal.loader.ModuleClassLoader::toString (80 bytes)
C2 CompilerThread1     9121 3585   !   4       org.eclipse.osgi.internal.loader.classpath.ClasspathManager::findClassImpl (308 bytes)
C2 CompilerThread2     9121 3862   !   4       sun.nio.cs.StreamDecoder::read (196 bytes)

VM state: not at safepoint (normal execution)

VM Mutex/Monitor currently owned by a thread:  ([mutex/lock_event])
[0x00000225cc9a8e00] CodeCache_lock - owner thread: 0x0000000000000000
[0x00000225cc9aa170] AdapterHandlerLibrary_lock - owner thread: 0x0000000000000000

Heap address: 0x00000000c0000000, size: 1024 MB, Compressed Oops mode: 32-bit

CDS archive(s) not mapped
Compressed class space mapped at: 0x0000000100000000-0x0000000140000000, reserved size: 1073741824
Narrow klass base: 0x0000000000000000, Narrow klass shift: 3, Narrow klass range: 0x140000000

GC Precious Log:
 CPUs: 8 total, 8 available
 Memory: 8065M
 Large Page Support: Disabled
 NUMA Support: Disabled
 Compressed Oops: Enabled (32-bit)
 Alignments: Space 512K, Generation 512K, Heap 2M
 Heap Min Capacity: 100M
 Heap Initial Capacity: 100M
 Heap Max Capacity: 1G
 Pre-touch: Disabled
 Parallel Workers: 8

Heap:
 PSYoungGen      total 27136K, used 19972K [0x00000000eab00000, 0x00000000ec800000, 0x0000000100000000)
  eden space 23040K, 86% used [0x00000000eab00000,0x00000000ebe810f0,0x00000000ec180000)
  from space 4096K, 0% used [0x00000000ec180000,0x00000000ec180000,0x00000000ec580000)
  to   space 1536K, 0% used [0x00000000ec680000,0x00000000ec680000,0x00000000ec800000)
 ParOldGen       total 68608K, used 15196K [0x00000000c0000000, 0x00000000c4300000, 0x00000000eab00000)
  object space 68608K, 22% used [0x00000000c0000000,0x00000000c0ed7220,0x00000000c4300000)
 Metaspace       used 38009K, committed 38784K, reserved 1114112K
  class space    used 3846K, committed 4160K, reserved 1048576K

Card table byte_map: [0x00000225cc340000,0x00000225cc550000] _byte_map_base: 0x00000225cbd40000

Marking Bits: (ParMarkBitMap*) 0x00007ffb85b858b0
 Begin Bits: [0x00000225de640000, 0x00000225df640000)
 End Bits:   [0x00000225df640000, 0x00000225e0640000)

Polling page: 0x00000225ca940000

Metaspace:

Usage:
  Non-class:     33.36 MB used.
      Class:      3.76 MB used.
       Both:     37.12 MB used.

Virtual space:
  Non-class space:       64.00 MB reserved,      33.81 MB ( 53%) committed,  1 nodes.
      Class space:        1.00 GB reserved,       4.06 MB ( <1%) committed,  1 nodes.
             Both:        1.06 GB reserved,      37.88 MB (  3%) committed. 

Chunk freelists:
   Non-Class:  13.56 MB
       Class:  11.95 MB
        Both:  25.52 MB

MaxMetaspaceSize: unlimited
CompressedClassSpaceSize: 1.00 GB
Initial GC threshold: 21.00 MB
Current GC threshold: 58.38 MB
CDS: off
MetaspaceReclaimPolicy: balanced
 - commit_granule_bytes: 65536.
 - commit_granule_words: 8192.
 - virtual_space_node_default_size: 8388608.
 - enlarge_chunks_in_place: 1.
 - new_chunks_are_fully_committed: 0.
 - uncommit_free_chunks: 1.
 - use_allocation_guard: 0.
 - handle_deallocations: 1.


Internal statistics:

num_allocs_failed_limit: 6.
num_arena_births: 454.
num_arena_deaths: 14.
num_vsnodes_births: 2.
num_vsnodes_deaths: 0.
num_space_committed: 606.
num_space_uncommitted: 0.
num_chunks_returned_to_freelist: 20.
num_chunks_taken_from_freelist: 1658.
num_chunk_merges: 6.
num_chunk_splits: 1063.
num_chunks_enlarged: 673.
num_inconsistent_stats: 0.

CodeHeap 'non-profiled nmethods': size=120000Kb used=1715Kb max_used=1715Kb free=118284Kb
 bounds [0x00000225d7110000, 0x00000225d7380000, 0x00000225de640000]
CodeHeap 'profiled nmethods': size=120000Kb used=8158Kb max_used=8158Kb free=111841Kb
 bounds [0x00000225cf640000, 0x00000225cfe40000, 0x00000225d6b70000]
CodeHeap 'non-nmethods': size=5760Kb used=1266Kb max_used=1292Kb free=4493Kb
 bounds [0x00000225d6b70000, 0x00000225d6de0000, 0x00000225d7110000]
 total_blobs=4456 nmethods=3867 adapters=502
 compilation: enabled
              stopped_count=0, restarted_count=0
 full_count=0

Compilation events (20 events):
Event: 8.746 Thread 0x00000225e595dbe0 3815       3       java.lang.reflect.Executable::getAnnotation (23 bytes)
Event: 8.747 Thread 0x00000225e595dbe0 nmethod 3815 0x00000225cfdfe410 code [0x00000225cfdfe620, 0x00000225cfdfeca8]
Event: 8.747 Thread 0x00000225e595dbe0 3817       3       com.google.common.collect.AbstractIndexedListIterator::hasNext (17 bytes)
Event: 8.747 Thread 0x00000225e595dbe0 nmethod 3817 0x00000225cfdfef10 code [0x00000225cfdff0a0, 0x00000225cfdff218]
Event: 8.747 Thread 0x00000225e595dbe0 3816   !   3       sun.reflect.annotation.AnnotationParser::parseAnnotations (37 bytes)
Event: 8.747 Thread 0x00000225e595dbe0 nmethod 3816 0x00000225cfdff290 code [0x00000225cfdff480, 0x00000225cfdff7a8]
Event: 8.752 Thread 0x00000225e595dbe0 3818       3       sun.reflect.generics.parser.SignatureParser::skipIdentifier (67 bytes)
Event: 8.753 Thread 0x00000225e595dbe0 nmethod 3818 0x00000225cfdff910 code [0x00000225cfdffb20, 0x00000225cfe000a8]
Event: 8.753 Thread 0x00000225e595dbe0 3820       3       jdk.internal.org.objectweb.asm.Edge::<init> (20 bytes)
Event: 8.754 Thread 0x00000225e595dbe0 nmethod 3820 0x00000225cfe00290 code [0x00000225cfe00420, 0x00000225cfe005b8]
Event: 8.754 Thread 0x00000225e595dbe0 3821       3       jdk.internal.org.objectweb.asm.Frame::merge (395 bytes)
Event: 8.756 Thread 0x00000225e595dbe0 nmethod 3821 0x00000225cfe00690 code [0x00000225cfe00940, 0x00000225cfe016d8]
Event: 8.756 Thread 0x00000225e595dbe0 3822       3       java.lang.Class::forName (47 bytes)
Event: 8.757 Thread 0x00000225e595dbe0 nmethod 3822 0x00000225cfe01d10 code [0x00000225cfe01f00, 0x00000225cfe02428]
Event: 8.757 Thread 0x00000225e595dbe0 3823       3       java.util.HashMap::keysToArray (81 bytes)
Event: 8.757 Thread 0x00000225e595dbe0 nmethod 3823 0x00000225cfe02690 code [0x00000225cfe02860, 0x00000225cfe02cb8]
Event: 8.757 Thread 0x00000225e595dbe0 3824       3       java.lang.reflect.ProxyGenerator::dotToSlash (9 bytes)
Event: 8.758 Thread 0x00000225e595dbe0 nmethod 3824 0x00000225cfe02e90 code [0x00000225cfe03020, 0x00000225cfe03148]
Event: 8.759 Thread 0x00000225e595dbe0 3825       3       jdk.internal.org.objectweb.asm.SymbolTable::putBootstrapMethods (56 bytes)
Event: 8.759 Thread 0x00000225e595dbe0 nmethod 3825 0x00000225cfe03210 code [0x00000225cfe03400, 0x00000225cfe03708]

GC Heap History (20 events):
Event: 5.363 GC heap before
{Heap before GC invocations=4 (full 0):
 PSYoungGen      total 29696K, used 29680K [0x00000000eab00000, 0x00000000ecc00000, 0x0000000100000000)
  eden space 25600K, 100% used [0x00000000eab00000,0x00000000ec400000,0x00000000ec400000)
  from space 4096K, 99% used [0x00000000ec400000,0x00000000ec7fc0c8,0x00000000ec800000)
  to   space 4096K, 0% used [0x00000000ec800000,0x00000000ec800000,0x00000000ecc00000)
 ParOldGen       total 68608K, used 5391K [0x00000000c0000000, 0x00000000c4300000, 0x00000000eab00000)
  object space 68608K, 7% used [0x00000000c0000000,0x00000000c0543f28,0x00000000c4300000)
 Metaspace       used 20369K, committed 20736K, reserved 1114112K
  class space    used 2059K, committed 2240K, reserved 1048576K
}
Event: 5.370 GC heap after
{Heap after GC invocations=4 (full 0):
 PSYoungGen      total 29696K, used 4093K [0x00000000eab00000, 0x00000000ecc00000, 0x0000000100000000)
  eden space 25600K, 0% used [0x00000000eab00000,0x00000000eab00000,0x00000000ec400000)
  from space 4096K, 99% used [0x00000000ec800000,0x00000000ecbff740,0x00000000ecc00000)
  to   space 4096K, 0% used [0x00000000ec400000,0x00000000ec400000,0x00000000ec800000)
 ParOldGen       total 68608K, used 6420K [0x00000000c0000000, 0x00000000c4300000, 0x00000000eab00000)
  object space 68608K, 9% used [0x00000000c0000000,0x00000000c0645230,0x00000000c4300000)
 Metaspace       used 20369K, committed 20736K, reserved 1114112K
  class space    used 2059K, committed 2240K, reserved 1048576K
}
Event: 5.554 GC heap before
{Heap before GC invocations=5 (full 0):
 PSYoungGen      total 29696K, used 9791K [0x00000000eab00000, 0x00000000ecc00000, 0x0000000100000000)
  eden space 25600K, 22% used [0x00000000eab00000,0x00000000eb090650,0x00000000ec400000)
  from space 4096K, 99% used [0x00000000ec800000,0x00000000ecbff740,0x00000000ecc00000)
  to   space 4096K, 0% used [0x00000000ec400000,0x00000000ec400000,0x00000000ec800000)
 ParOldGen       total 68608K, used 6420K [0x00000000c0000000, 0x00000000c4300000, 0x00000000eab00000)
  object space 68608K, 9% used [0x00000000c0000000,0x00000000c0645230,0x00000000c4300000)
 Metaspace       used 21122K, committed 21504K, reserved 1114112K
  class space    used 2141K, committed 2304K, reserved 1048576K
}
Event: 5.562 GC heap after
{Heap after GC invocations=5 (full 0):
 PSYoungGen      total 29696K, used 4087K [0x00000000eab00000, 0x00000000ece00000, 0x0000000100000000)
  eden space 25600K, 0% used [0x00000000eab00000,0x00000000eab00000,0x00000000ec400000)
  from space 4096K, 99% used [0x00000000ec400000,0x00000000ec7fdf78,0x00000000ec800000)
  to   space 5120K, 0% used [0x00000000ec900000,0x00000000ec900000,0x00000000ece00000)
 ParOldGen       total 68608K, used 6820K [0x00000000c0000000, 0x00000000c4300000, 0x00000000eab00000)
  object space 68608K, 9% used [0x00000000c0000000,0x00000000c06a9230,0x00000000c4300000)
 Metaspace       used 21122K, committed 21504K, reserved 1114112K
  class space    used 2141K, committed 2304K, reserved 1048576K
}
Event: 5.562 GC heap before
{Heap before GC invocations=6 (full 1):
 PSYoungGen      total 29696K, used 4087K [0x00000000eab00000, 0x00000000ece00000, 0x0000000100000000)
  eden space 25600K, 0% used [0x00000000eab00000,0x00000000eab00000,0x00000000ec400000)
  from space 4096K, 99% used [0x00000000ec400000,0x00000000ec7fdf78,0x00000000ec800000)
  to   space 5120K, 0% used [0x00000000ec900000,0x00000000ec900000,0x00000000ece00000)
 ParOldGen       total 68608K, used 6820K [0x00000000c0000000, 0x00000000c4300000, 0x00000000eab00000)
  object space 68608K, 9% used [0x00000000c0000000,0x00000000c06a9230,0x00000000c4300000)
 Metaspace       used 21122K, committed 21504K, reserved 1114112K
  class space    used 2141K, committed 2304K, reserved 1048576K
}
Event: 5.612 GC heap after
{Heap after GC invocations=6 (full 1):
 PSYoungGen      total 29696K, used 0K [0x00000000eab00000, 0x00000000ece00000, 0x0000000100000000)
  eden space 25600K, 0% used [0x00000000eab00000,0x00000000eab00000,0x00000000ec400000)
  from space 4096K, 0% used [0x00000000ec400000,0x00000000ec400000,0x00000000ec800000)
  to   space 5120K, 0% used [0x00000000ec900000,0x00000000ec900000,0x00000000ece00000)
 ParOldGen       total 68608K, used 10652K [0x00000000c0000000, 0x00000000c4300000, 0x00000000eab00000)
  object space 68608K, 15% used [0x00000000c0000000,0x00000000c0a671e8,0x00000000c4300000)
 Metaspace       used 21108K, committed 21504K, reserved 1114112K
  class space    used 2138K, committed 2304K, reserved 1048576K
}
Event: 6.412 GC heap before
{Heap before GC invocations=7 (full 1):
 PSYoungGen      total 29696K, used 25600K [0x00000000eab00000, 0x00000000ece00000, 0x0000000100000000)
  eden space 25600K, 100% used [0x00000000eab00000,0x00000000ec400000,0x00000000ec400000)
  from space 4096K, 0% used [0x00000000ec400000,0x00000000ec400000,0x00000000ec800000)
  to   space 5120K, 0% used [0x00000000ec900000,0x00000000ec900000,0x00000000ece00000)
 ParOldGen       total 68608K, used 10652K [0x00000000c0000000, 0x00000000c4300000, 0x00000000eab00000)
  object space 68608K, 15% used [0x00000000c0000000,0x00000000c0a671e8,0x00000000c4300000)
 Metaspace       used 24238K, committed 24832K, reserved 1114112K
  class space    used 2477K, committed 2752K, reserved 1048576K
}
Event: 6.415 GC heap after
{Heap after GC invocations=7 (full 1):
 PSYoungGen      total 26624K, used 1207K [0x00000000eab00000, 0x00000000eca80000, 0x0000000100000000)
  eden space 25088K, 0% used [0x00000000eab00000,0x00000000eab00000,0x00000000ec380000)
  from space 1536K, 78% used [0x00000000ec900000,0x00000000eca2df90,0x00000000eca80000)
  to   space 2560K, 0% used [0x00000000ec580000,0x00000000ec580000,0x00000000ec800000)
 ParOldGen       total 68608K, used 10660K [0x00000000c0000000, 0x00000000c4300000, 0x00000000eab00000)
  object space 68608K, 15% used [0x00000000c0000000,0x00000000c0a691e8,0x00000000c4300000)
 Metaspace       used 24238K, committed 24832K, reserved 1114112K
  class space    used 2477K, committed 2752K, reserved 1048576K
}
Event: 6.992 GC heap before
{Heap before GC invocations=8 (full 1):
 PSYoungGen      total 26624K, used 26295K [0x00000000eab00000, 0x00000000eca80000, 0x0000000100000000)
  eden space 25088K, 100% used [0x00000000eab00000,0x00000000ec380000,0x00000000ec380000)
  from space 1536K, 78% used [0x00000000ec900000,0x00000000eca2df90,0x00000000eca80000)
  to   space 2560K, 0% used [0x00000000ec580000,0x00000000ec580000,0x00000000ec800000)
 ParOldGen       total 68608K, used 10660K [0x00000000c0000000, 0x00000000c4300000, 0x00000000eab00000)
  object space 68608K, 15% used [0x00000000c0000000,0x00000000c0a691e8,0x00000000c4300000)
 Metaspace       used 27163K, committed 27776K, reserved 1114112K
  class space    used 2765K, committed 3008K, reserved 1048576K
}
Event: 6.995 GC heap after
{Heap after GC invocations=8 (full 1):
 PSYoungGen      total 27136K, used 2555K [0x00000000eab00000, 0x00000000ecd00000, 0x0000000100000000)
  eden space 24576K, 0% used [0x00000000eab00000,0x00000000eab00000,0x00000000ec300000)
  from space 2560K, 99% used [0x00000000ec580000,0x00000000ec7fefe8,0x00000000ec800000)
  to   space 5120K, 0% used [0x00000000ec800000,0x00000000ec800000,0x00000000ecd00000)
 ParOldGen       total 68608K, used 12236K [0x00000000c0000000, 0x00000000c4300000, 0x00000000eab00000)
  object space 68608K, 17% used [0x00000000c0000000,0x00000000c0bf3000,0x00000000c4300000)
 Metaspace       used 27163K, committed 27776K, reserved 1114112K
  class space    used 2765K, committed 3008K, reserved 1048576K
}
Event: 7.376 GC heap before
{Heap before GC invocations=9 (full 1):
 PSYoungGen      total 27136K, used 27131K [0x00000000eab00000, 0x00000000ecd00000, 0x0000000100000000)
  eden space 24576K, 100% used [0x00000000eab00000,0x00000000ec300000,0x00000000ec300000)
  from space 2560K, 99% used [0x00000000ec580000,0x00000000ec7fefe8,0x00000000ec800000)
  to   space 5120K, 0% used [0x00000000ec800000,0x00000000ec800000,0x00000000ecd00000)
 ParOldGen       total 68608K, used 12236K [0x00000000c0000000, 0x00000000c4300000, 0x00000000eab00000)
  object space 68608K, 17% used [0x00000000c0000000,0x00000000c0bf3000,0x00000000c4300000)
 Metaspace       used 30143K, committed 30784K, reserved 1114112K
  class space    used 2971K, committed 3200K, reserved 1048576K
}
Event: 7.378 GC heap after
{Heap after GC invocations=9 (full 1):
 PSYoungGen      total 26624K, used 2370K [0x00000000eab00000, 0x00000000eca80000, 0x0000000100000000)
  eden space 24064K, 0% used [0x00000000eab00000,0x00000000eab00000,0x00000000ec280000)
  from space 2560K, 92% used [0x00000000ec800000,0x00000000eca50880,0x00000000eca80000)
  to   space 3072K, 0% used [0x00000000ec480000,0x00000000ec480000,0x00000000ec780000)
 ParOldGen       total 68608K, used 12236K [0x00000000c0000000, 0x00000000c4300000, 0x00000000eab00000)
  object space 68608K, 17% used [0x00000000c0000000,0x00000000c0bf3000,0x00000000c4300000)
 Metaspace       used 30143K, committed 30784K, reserved 1114112K
  class space    used 2971K, committed 3200K, reserved 1048576K
}
Event: 7.676 GC heap before
{Heap before GC invocations=10 (full 1):
 PSYoungGen      total 26624K, used 26434K [0x00000000eab00000, 0x00000000eca80000, 0x0000000100000000)
  eden space 24064K, 100% used [0x00000000eab00000,0x00000000ec280000,0x00000000ec280000)
  from space 2560K, 92% used [0x00000000ec800000,0x00000000eca50880,0x00000000eca80000)
  to   space 3072K, 0% used [0x00000000ec480000,0x00000000ec480000,0x00000000ec780000)
 ParOldGen       total 68608K, used 12236K [0x00000000c0000000, 0x00000000c4300000, 0x00000000eab00000)
  object space 68608K, 17% used [0x00000000c0000000,0x00000000c0bf3000,0x00000000c4300000)
 Metaspace       used 31680K, committed 32320K, reserved 1114112K
  class space    used 3084K, committed 3328K, reserved 1048576K
}
Event: 7.681 GC heap after
{Heap after GC invocations=10 (full 1):
 PSYoungGen      total 26624K, used 2867K [0x00000000eab00000, 0x00000000ec880000, 0x0000000100000000)
  eden space 23552K, 0% used [0x00000000eab00000,0x00000000eab00000,0x00000000ec200000)
  from space 3072K, 93% used [0x00000000ec480000,0x00000000ec74cfc0,0x00000000ec780000)
  to   space 1024K, 0% used [0x00000000ec780000,0x00000000ec780000,0x00000000ec880000)
 ParOldGen       total 68608K, used 14017K [0x00000000c0000000, 0x00000000c4300000, 0x00000000eab00000)
  object space 68608K, 20% used [0x00000000c0000000,0x00000000c0db0500,0x00000000c4300000)
 Metaspace       used 31680K, committed 32320K, reserved 1114112K
  class space    used 3084K, committed 3328K, reserved 1048576K
}
Event: 8.153 GC heap before
{Heap before GC invocations=11 (full 1):
 PSYoungGen      total 26624K, used 26419K [0x00000000eab00000, 0x00000000ec880000, 0x0000000100000000)
  eden space 23552K, 100% used [0x00000000eab00000,0x00000000ec200000,0x00000000ec200000)
  from space 3072K, 93% used [0x00000000ec480000,0x00000000ec74cfc0,0x00000000ec780000)
  to   space 1024K, 0% used [0x00000000ec780000,0x00000000ec780000,0x00000000ec880000)
 ParOldGen       total 68608K, used 14017K [0x00000000c0000000, 0x00000000c4300000, 0x00000000eab00000)
  object space 68608K, 20% used [0x00000000c0000000,0x00000000c0db0500,0x00000000c4300000)
 Metaspace       used 34952K, committed 35648K, reserved 1114112K
  class space    used 3436K, committed 3712K, reserved 1048576K
}
Event: 8.158 GC heap after
{Heap after GC invocations=11 (full 1):
 PSYoungGen      total 24064K, used 1010K [0x00000000eab00000, 0x00000000ec980000, 0x0000000100000000)
  eden space 23040K, 0% used [0x00000000eab00000,0x00000000eab00000,0x00000000ec180000)
  from space 1024K, 98% used [0x00000000ec780000,0x00000000ec87c808,0x00000000ec880000)
  to   space 4096K, 0% used [0x00000000ec180000,0x00000000ec180000,0x00000000ec580000)
 ParOldGen       total 68608K, used 16658K [0x00000000c0000000, 0x00000000c4300000, 0x00000000eab00000)
  object space 68608K, 24% used [0x00000000c0000000,0x00000000c1044bf0,0x00000000c4300000)
 Metaspace       used 34952K, committed 35648K, reserved 1114112K
  class space    used 3436K, committed 3712K, reserved 1048576K
}
Event: 8.171 GC heap before
{Heap before GC invocations=12 (full 1):
 PSYoungGen      total 24064K, used 2241K [0x00000000eab00000, 0x00000000ec980000, 0x0000000100000000)
  eden space 23040K, 5% used [0x00000000eab00000,0x00000000eac33e00,0x00000000ec180000)
  from space 1024K, 98% used [0x00000000ec780000,0x00000000ec87c808,0x00000000ec880000)
  to   space 4096K, 0% used [0x00000000ec180000,0x00000000ec180000,0x00000000ec580000)
 ParOldGen       total 68608K, used 16658K [0x00000000c0000000, 0x00000000c4300000, 0x00000000eab00000)
  object space 68608K, 24% used [0x00000000c0000000,0x00000000c1044bf0,0x00000000c4300000)
 Metaspace       used 35166K, committed 35840K, reserved 1114112K
  class space    used 3460K, committed 3712K, reserved 1048576K
}
Event: 8.173 GC heap after
{Heap after GC invocations=12 (full 1):
 PSYoungGen      total 27136K, used 192K [0x00000000eab00000, 0x00000000ec800000, 0x0000000100000000)
  eden space 23040K, 0% used [0x00000000eab00000,0x00000000eab00000,0x00000000ec180000)
  from space 4096K, 4% used [0x00000000ec180000,0x00000000ec1b0000,0x00000000ec580000)
  to   space 1536K, 0% used [0x00000000ec680000,0x00000000ec680000,0x00000000ec800000)
 ParOldGen       total 68608K, used 17660K [0x00000000c0000000, 0x00000000c4300000, 0x00000000eab00000)
  object space 68608K, 25% used [0x00000000c0000000,0x00000000c113f228,0x00000000c4300000)
 Metaspace       used 35166K, committed 35840K, reserved 1114112K
  class space    used 3460K, committed 3712K, reserved 1048576K
}
Event: 8.173 GC heap before
{Heap before GC invocations=13 (full 2):
 PSYoungGen      total 27136K, used 192K [0x00000000eab00000, 0x00000000ec800000, 0x0000000100000000)
  eden space 23040K, 0% used [0x00000000eab00000,0x00000000eab00000,0x00000000ec180000)
  from space 4096K, 4% used [0x00000000ec180000,0x00000000ec1b0000,0x00000000ec580000)
  to   space 1536K, 0% used [0x00000000ec680000,0x00000000ec680000,0x00000000ec800000)
 ParOldGen       total 68608K, used 17660K [0x00000000c0000000, 0x00000000c4300000, 0x00000000eab00000)
  object space 68608K, 25% used [0x00000000c0000000,0x00000000c113f228,0x00000000c4300000)
 Metaspace       used 35166K, committed 35840K, reserved 1114112K
  class space    used 3460K, committed 3712K, reserved 1048576K
}
Event: 8.220 GC heap after
{Heap after GC invocations=13 (full 2):
 PSYoungGen      total 27136K, used 0K [0x00000000eab00000, 0x00000000ec800000, 0x0000000100000000)
  eden space 23040K, 0% used [0x00000000eab00000,0x00000000eab00000,0x00000000ec180000)
  from space 4096K, 0% used [0x00000000ec180000,0x00000000ec180000,0x00000000ec580000)
  to   space 1536K, 0% used [0x00000000ec680000,0x00000000ec680000,0x00000000ec800000)
 ParOldGen       total 68608K, used 15196K [0x00000000c0000000, 0x00000000c4300000, 0x00000000eab00000)
  object space 68608K, 22% used [0x00000000c0000000,0x00000000c0ed7220,0x00000000c4300000)
 Metaspace       used 35166K, committed 35840K, reserved 1114112K
  class space    used 3460K, committed 3712K, reserved 1048576K
}

Dll operation events (11 events):
Event: 0.025 Loaded shared library c:\Users\nguye\.cursor\extensions\redhat.java-1.35.1-win32-x64\jre\17.0.12-win32-x86_64\bin\java.dll
Event: 0.449 Loaded shared library c:\Users\nguye\.cursor\extensions\redhat.java-1.35.1-win32-x64\jre\17.0.12-win32-x86_64\bin\zip.dll
Event: 0.454 Loaded shared library C:\Users\nguye\.cursor\extensions\redhat.java-1.35.1-win32-x64\jre\17.0.12-win32-x86_64\bin\instrument.dll
Event: 0.477 Loaded shared library C:\Users\nguye\.cursor\extensions\redhat.java-1.35.1-win32-x64\jre\17.0.12-win32-x86_64\bin\net.dll
Event: 0.479 Loaded shared library C:\Users\nguye\.cursor\extensions\redhat.java-1.35.1-win32-x64\jre\17.0.12-win32-x86_64\bin\nio.dll
Event: 0.503 Loaded shared library C:\Users\nguye\.cursor\extensions\redhat.java-1.35.1-win32-x64\jre\17.0.12-win32-x86_64\bin\zip.dll
Event: 0.533 Loaded shared library C:\Users\nguye\.cursor\extensions\redhat.java-1.35.1-win32-x64\jre\17.0.12-win32-x86_64\bin\jimage.dll
Event: 0.694 Loaded shared library c:\Users\nguye\.cursor\extensions\redhat.java-1.35.1-win32-x64\jre\17.0.12-win32-x86_64\bin\verify.dll
Event: 3.621 Loaded shared library C:\Users\nguye\AppData\Roaming\Cursor\User\globalStorage\redhat.java\1.35.1\config_win\org.eclipse.equinox.launcher\org.eclipse.equinox.launcher.win32.win32.x86_64_1.2.1100.v20240722-2106\eclipse_11904.dll
Event: 5.539 Loaded shared library C:\Users\nguye\.cursor\extensions\redhat.java-1.35.1-win32-x64\jre\17.0.12-win32-x86_64\bin\management.dll
Event: 5.544 Loaded shared library C:\Users\nguye\.cursor\extensions\redhat.java-1.35.1-win32-x64\jre\17.0.12-win32-x86_64\bin\management_ext.dll

Deoptimization events (20 events):
Event: 7.849 Thread 0x00000225e6cd0790 Uncommon trap: trap_request=0xffffffde fr.pc=0x00000225d726d950 relative=0x00000000000000b0
Event: 7.849 Thread 0x00000225e6cd0790 Uncommon trap: reason=class_check action=maybe_recompile pc=0x00000225d726d950 method=java.lang.Character.codePointAt(Ljava/lang/CharSequence;I)I @ 2 c2
Event: 7.849 Thread 0x00000225e6cd0790 DEOPT PACKING pc=0x00000225d726d950 sp=0x00000064cebfe4a0
Event: 7.849 Thread 0x00000225e6cd0790 DEOPT UNPACKING pc=0x00000225d6bc66a3 sp=0x00000064cebfe428 mode 2
Event: 7.849 Thread 0x00000225e6cd0790 Uncommon trap: trap_request=0xffffffde fr.pc=0x00000225d726d950 relative=0x00000000000000b0
Event: 7.849 Thread 0x00000225e6cd0790 Uncommon trap: reason=class_check action=maybe_recompile pc=0x00000225d726d950 method=java.lang.Character.codePointAt(Ljava/lang/CharSequence;I)I @ 2 c2
Event: 7.849 Thread 0x00000225e6cd0790 DEOPT PACKING pc=0x00000225d726d950 sp=0x00000064cebfe4a0
Event: 7.849 Thread 0x00000225e6cd0790 DEOPT UNPACKING pc=0x00000225d6bc66a3 sp=0x00000064cebfe428 mode 2
Event: 7.873 Thread 0x00000225e6cd11b0 Uncommon trap: trap_request=0xffffff45 fr.pc=0x00000225d72004ec relative=0x00000000000000ec
Event: 7.873 Thread 0x00000225e6cd11b0 Uncommon trap: reason=unstable_if action=reinterpret pc=0x00000225d72004ec method=jdk.internal.org.objectweb.asm.ByteVector.putShort(I)Ljdk/internal/org/objectweb/asm/ByteVector; @ 13 c2
Event: 7.873 Thread 0x00000225e6cd11b0 DEOPT PACKING pc=0x00000225d72004ec sp=0x00000064cecfd160
Event: 7.873 Thread 0x00000225e6cd11b0 DEOPT UNPACKING pc=0x00000225d6bc66a3 sp=0x00000064cecfd0f8 mode 2
Event: 8.662 Thread 0x00000225e6cce420 Uncommon trap: trap_request=0xffffff45 fr.pc=0x00000225d71531e0 relative=0x00000000000006e0
Event: 8.662 Thread 0x00000225e6cce420 Uncommon trap: reason=unstable_if action=reinterpret pc=0x00000225d71531e0 method=java.lang.String.replace(Ljava/lang/CharSequence;Ljava/lang/CharSequence;)Ljava/lang/String; @ 42 c2
Event: 8.662 Thread 0x00000225e6cce420 DEOPT PACKING pc=0x00000225d71531e0 sp=0x00000064ce7fbe30
Event: 8.663 Thread 0x00000225e6cce420 DEOPT UNPACKING pc=0x00000225d6bc66a3 sp=0x00000064ce7fbdb0 mode 2
Event: 8.758 Thread 0x00000225e6cd0790 Uncommon trap: trap_request=0xffffff45 fr.pc=0x00000225d7201d34 relative=0x0000000000000114
Event: 8.758 Thread 0x00000225e6cd0790 Uncommon trap: reason=unstable_if action=reinterpret pc=0x00000225d7201d34 method=jdk.internal.org.objectweb.asm.SymbolTable.put(Ljdk/internal/org/objectweb/asm/SymbolTable$Entry;)Ljdk/internal/org/objectweb/asm/SymbolTable$Entry; @ 13 c2
Event: 8.758 Thread 0x00000225e6cd0790 DEOPT PACKING pc=0x00000225d7201d34 sp=0x00000064cebfd260
Event: 8.758 Thread 0x00000225e6cd0790 DEOPT UNPACKING pc=0x00000225d6bc66a3 sp=0x00000064cebfd1c0 mode 2

Classes loaded (20 events):
Event: 8.587 Loading class java/text/NumberFormat$Field
Event: 8.587 Loading class java/text/NumberFormat$Field done
Event: 8.628 Loading class java/lang/reflect/UndeclaredThrowableException
Event: 8.628 Loading class java/lang/reflect/UndeclaredThrowableException done
Event: 8.632 Loading class java/lang/annotation/ElementType
Event: 8.632 Loading class java/lang/annotation/ElementType done
Event: 8.632 Loading class java/lang/annotation/Documented
Event: 8.632 Loading class java/lang/annotation/Documented done
Event: 8.655 Loading class java/nio/charset/IllegalCharsetNameException
Event: 8.655 Loading class java/nio/charset/IllegalCharsetNameException done
Event: 8.663 Loading class java/io/File$TempDirectory
Event: 8.664 Loading class java/io/File$TempDirectory done
Event: 8.688 Loading class java/lang/reflect/ParameterizedType
Event: 8.688 Loading class java/lang/reflect/ParameterizedType done
Event: 8.693 Loading class java/lang/reflect/WildcardType
Event: 8.693 Loading class java/lang/reflect/WildcardType done
Event: 8.697 Loading class sun/reflect/generics/tree/TypeVariableSignature
Event: 8.697 Loading class sun/reflect/generics/tree/TypeVariableSignature done
Event: 8.740 Loading class java/lang/Deprecated
Event: 8.740 Loading class java/lang/Deprecated done

Classes unloaded (7 events):
Event: 5.569 Thread 0x00000225e0727820 Unloading class 0x000000010024a400 'java/lang/invoke/LambdaForm$MH+0x000000010024a400'
Event: 5.569 Thread 0x00000225e0727820 Unloading class 0x000000010024a000 'java/lang/invoke/LambdaForm$MH+0x000000010024a000'
Event: 5.569 Thread 0x00000225e0727820 Unloading class 0x0000000100249c00 'java/lang/invoke/LambdaForm$MH+0x0000000100249c00'
Event: 5.569 Thread 0x00000225e0727820 Unloading class 0x0000000100249800 'java/lang/invoke/LambdaForm$MH+0x0000000100249800'
Event: 5.569 Thread 0x00000225e0727820 Unloading class 0x0000000100249400 'java/lang/invoke/LambdaForm$BMH+0x0000000100249400'
Event: 5.569 Thread 0x00000225e0727820 Unloading class 0x0000000100249000 'java/lang/invoke/LambdaForm$DMH+0x0000000100249000'
Event: 5.569 Thread 0x00000225e0727820 Unloading class 0x0000000100244400 'java/lang/invoke/LambdaForm$DMH+0x0000000100244400'

Classes redefined (0 events):
No events

Internal exceptions (20 events):
Event: 7.820 Thread 0x00000225e6cd0790 Exception <a 'java/lang/NoSuchMethodError'{0x00000000eb2f7c78}: 'int java.lang.invoke.DirectMethodHandle$Holder.invokeStaticInit(java.lang.Object, float, float)'> (0x00000000eb2f7c78) 
thrown [s\src\hotspot\share\interpreter\linkResolver.cpp, line 759]
Event: 7.821 Thread 0x00000225e6cd0790 Exception <a 'java/lang/NoSuchMethodError'{0x00000000eb2fead0}: 'int java.lang.invoke.DirectMethodHandle$Holder.invokeStaticInit(java.lang.Object, double, double)'> (0x00000000eb2fead0) 
thrown [s\src\hotspot\share\interpreter\linkResolver.cpp, line 759]
Event: 7.821 Thread 0x00000225e6cce420 Exception <a 'java/lang/NoSuchMethodError'{0x00000000eb28a778}: 'java.lang.Object java.lang.invoke.DirectMethodHandle$Holder.invokeStaticInit(java.lang.Object, int, int, int, int)'> (0x00000000eb28a778) 
thrown [s\src\hotspot\share\interpreter\linkResolver.cpp, line 759]
Event: 7.822 Thread 0x00000225e6cd0790 Exception <a 'java/lang/NoSuchMethodError'{0x00000000eb303318}: 'int java.lang.invoke.DirectMethodHandle$Holder.invokeStatic(java.lang.Object, long)'> (0x00000000eb303318) 
thrown [s\src\hotspot\share\interpreter\linkResolver.cpp, line 759]
Event: 7.828 Thread 0x00000225e6cd0790 Exception <a 'java/lang/NoSuchMethodError'{0x00000000eb32df48}: 'int java.lang.invoke.Invokers$Holder.linkToTargetMethod(java.lang.Object, java.lang.Object)'> (0x00000000eb32df48) 
thrown [s\src\hotspot\share\interpreter\linkResolver.cpp, line 759]
Event: 7.863 Thread 0x00000225e6cd11b0 Exception <a 'java/lang/NoSuchMethodError'{0x00000000eaf11778}: 'int java.lang.invoke.DirectMethodHandle$Holder.invokeSpecial(java.lang.Object, java.lang.Object, java.lang.Object, java.lang.Object)'> (0x00000000eaf11778) 
thrown [s\src\hotspot\share\interpreter\linkResolver.cpp, line 759]
Event: 7.869 Thread 0x00000225e6cd11b0 Exception <a 'java/lang/NoSuchMethodError'{0x00000000eb512638}: 'java.lang.Object java.lang.invoke.DirectMethodHandle$Holder.invokeStatic(java.lang.Object, int, java.lang.Object, java.lang.Object)'> (0x00000000eb512638) 
thrown [s\src\hotspot\share\interpreter\linkResolver.cpp, line 759]
Event: 7.870 Thread 0x00000225e6cd11b0 Exception <a 'java/lang/NoSuchMethodError'{0x00000000eb524b68}: 'java.lang.Object java.lang.invoke.DelegatingMethodHandle$Holder.delegate(java.lang.Object, int, java.lang.Object, java.lang.Object)'> (0x00000000eb524b68) 
thrown [s\src\hotspot\share\interpreter\linkResolver.cpp, line 759]
Event: 7.874 Thread 0x00000225e6cd11b0 Exception <a 'java/lang/NoSuchMethodError'{0x00000000eb544340}: 'int java.lang.invoke.Invokers$Holder.linkToTargetMethod(java.lang.Object, java.lang.Object, java.lang.Object)'> (0x00000000eb544340) 
thrown [s\src\hotspot\share\interpreter\linkResolver.cpp, line 759]
Event: 7.880 Thread 0x00000225e6cd0790 Exception <a 'java/lang/NoSuchMethodError'{0x00000000eb5734c8}: 'java.lang.Object java.lang.invoke.DirectMethodHandle$Holder.invokeSpecialIFC(java.lang.Object, java.lang.Object, java.lang.Object, java.lang.Object)'> (0x00000000eb5734c8) 
thrown [s\src\hotspot\share\interpreter\linkResolver.cpp, line 759]
Event: 7.972 Thread 0x00000225e6cce420 Exception <a 'java/lang/NoSuchMethodError'{0x00000000eb7c09e8}: 'java.lang.Object java.lang.invoke.DirectMethodHandle$Holder.invokeStaticInit(java.lang.Object, java.lang.Object, int, int, int, int)'> (0x00000000eb7c09e8) 
thrown [s\src\hotspot\share\interpreter\linkResolver.cpp, line 759]
Event: 8.058 Thread 0x00000225e6cce420 Exception <a 'sun/nio/fs/WindowsException'{0x00000000ebcdd820}> (0x00000000ebcdd820) 
thrown [s\src\hotspot\share\prims\jni.cpp, line 516]
Event: 8.059 Thread 0x00000225e6cce420 Exception <a 'sun/nio/fs/WindowsException'{0x00000000ebce1608}> (0x00000000ebce1608) 
thrown [s\src\hotspot\share\prims\jni.cpp, line 516]
Event: 8.059 Thread 0x00000225e6cce420 Exception <a 'sun/nio/fs/WindowsException'{0x00000000ebce1ae0}> (0x00000000ebce1ae0) 
thrown [s\src\hotspot\share\prims\jni.cpp, line 516]
Event: 8.059 Thread 0x00000225e6cce420 Exception <a 'sun/nio/fs/WindowsException'{0x00000000ebce2830}> (0x00000000ebce2830) 
thrown [s\src\hotspot\share\prims\jni.cpp, line 516]
Event: 8.090 Thread 0x00000225e6cce420 Exception <a 'sun/nio/fs/WindowsException'{0x00000000ebe5b320}> (0x00000000ebe5b320) 
thrown [s\src\hotspot\share\prims\jni.cpp, line 516]
Event: 8.090 Thread 0x00000225e6cce420 Exception <a 'sun/nio/fs/WindowsException'{0x00000000ebe5b8d8}> (0x00000000ebe5b8d8) 
thrown [s\src\hotspot\share\prims\jni.cpp, line 516]
Event: 8.259 Thread 0x00000225e6cce420 Exception <a 'java/lang/ClassNotFoundException'{0x00000000ead1be30}: com/sun/org/apache/xml/internal/serializer/spi/XMLEntitiesProvider> (0x00000000ead1be30) 
thrown [s\src\hotspot\share\classfile\systemDictionary.cpp, line 256]
Event: 8.447 Thread 0x00000225e6cd0790 Exception <a 'java/lang/NoSuchMethodError'{0x00000000eb174310}: 'int java.lang.invoke.DirectMethodHandle$Holder.invokeStatic(java.lang.Object, java.lang.Object, java.lang.Object, java.lang.Object, java.lang.Object)'> (0x00000000eb174310) 
thrown [s\src\hotspot\share\interpreter\linkResolver.cpp, line 759]
Event: 8.595 Thread 0x00000225e6cce420 Exception <a 'java/io/FileNotFoundException'{0x00000000eb540020}> (0x00000000eb540020) 
thrown [s\src\hotspot\share\prims\jni.cpp, line 516]

VM Operations (20 events):
Event: 7.676 Executing VM operation: ParallelGCFailedAllocation
Event: 7.681 Executing VM operation: ParallelGCFailedAllocation done
Event: 7.742 Executing VM operation: HandshakeAllThreads
Event: 7.742 Executing VM operation: HandshakeAllThreads done
Event: 7.796 Executing VM operation: HandshakeAllThreads
Event: 7.796 Executing VM operation: HandshakeAllThreads done
Event: 7.835 Executing VM operation: HandshakeAllThreads
Event: 7.835 Executing VM operation: HandshakeAllThreads done
Event: 7.868 Executing VM operation: HandshakeAllThreads
Event: 7.868 Executing VM operation: HandshakeAllThreads done
Event: 7.952 Executing VM operation: HandshakeAllThreads
Event: 7.952 Executing VM operation: HandshakeAllThreads done
Event: 8.153 Executing VM operation: ParallelGCFailedAllocation
Event: 8.159 Executing VM operation: ParallelGCFailedAllocation done
Event: 8.169 Executing VM operation: CollectForMetadataAllocation
Event: 8.221 Executing VM operation: CollectForMetadataAllocation done
Event: 8.381 Executing VM operation: HandshakeAllThreads
Event: 8.382 Executing VM operation: HandshakeAllThreads done
Event: 8.485 Executing VM operation: HandshakeAllThreads
Event: 8.548 Executing VM operation: HandshakeAllThreads done

Events (20 events):
Event: 3.203 Thread 0x00000225e6ccdf10 Thread added: 0x00000225e6ccdf10
Event: 3.375 Thread 0x00000225e705f1e0 Thread added: 0x00000225e705f1e0
Event: 3.596 Thread 0x00000225e6cd0280 Thread added: 0x00000225e6cd0280
Event: 3.610 Thread 0x00000225e6cce420 Thread added: 0x00000225e6cce420
Event: 3.797 Thread 0x00000225e705f1e0 Thread exited: 0x00000225e705f1e0
Event: 3.937 Thread 0x00000225e6f1d900 Thread exited: 0x00000225e6f1d900
Event: 3.963 Thread 0x00000225e6f1d900 Thread added: 0x00000225e6f1d900
Event: 4.330 Thread 0x00000225e6cd16c0 Thread added: 0x00000225e6cd16c0
Event: 4.643 Thread 0x00000225e6ccfd70 Thread added: 0x00000225e6ccfd70
Event: 4.811 Thread 0x00000225e6ccee40 Thread added: 0x00000225e6ccee40
Event: 4.833 Thread 0x00000225e6f1d900 Thread exited: 0x00000225e6f1d900
Event: 5.324 Thread 0x00000225e6ccf860 Thread added: 0x00000225e6ccf860
Event: 5.829 Thread 0x00000225e6cd0790 Thread added: 0x00000225e6cd0790
Event: 5.866 Thread 0x00000225e6cd11b0 Thread added: 0x00000225e6cd11b0
Event: 6.438 Thread 0x00000225e6cc1f40 Thread added: 0x00000225e6cc1f40
Event: 7.178 Thread 0x00000225e6cc1f40 Thread exited: 0x00000225e6cc1f40
Event: 7.480 Thread 0x00000225e771a5d0 Thread added: 0x00000225e771a5d0
Event: 7.761 Thread 0x00000225e6cd0ca0 Thread added: 0x00000225e6cd0ca0
Event: 7.860 Thread 0x00000225e83c2580 Thread added: 0x00000225e83c2580
Event: 7.978 Thread 0x00000225e83c2a90 Thread added: 0x00000225e83c2a90


Dynamic libraries:
0x00007ff6173e0000 - 0x00007ff6173ee000 	c:\Users\nguye\.cursor\extensions\redhat.java-1.35.1-win32-x64\jre\17.0.12-win32-x86_64\bin\java.exe
0x00007ffc1bbf0000 - 0x00007ffc1be07000 	C:\WINDOWS\SYSTEM32\ntdll.dll
0x00007ffc1a3f0000 - 0x00007ffc1a4b4000 	C:\WINDOWS\System32\KERNEL32.DLL
0x00007ffc192b0000 - 0x00007ffc19667000 	C:\WINDOWS\System32\KERNELBASE.dll
0x00007ffc19710000 - 0x00007ffc19821000 	C:\WINDOWS\System32\ucrtbase.dll
0x00007ffc03b40000 - 0x00007ffc03b57000 	c:\Users\nguye\.cursor\extensions\redhat.java-1.35.1-win32-x64\jre\17.0.12-win32-x86_64\bin\jli.dll
0x00007ffbfc9d0000 - 0x00007ffbfc9eb000 	c:\Users\nguye\.cursor\extensions\redhat.java-1.35.1-win32-x64\jre\17.0.12-win32-x86_64\bin\VCRUNTIME140.dll
0x00007ffc19b00000 - 0x00007ffc19caf000 	C:\WINDOWS\System32\USER32.dll
0x00007ffc028a0000 - 0x00007ffc02b33000 	C:\WINDOWS\WinSxS\amd64_microsoft.windows.common-controls_6595b64144ccf1df_6.0.22621.3672_none_2713b9d173822955\COMCTL32.dll
0x00007ffc19070000 - 0x00007ffc19096000 	C:\WINDOWS\System32\win32u.dll
0x00007ffc1a840000 - 0x00007ffc1a8e7000 	C:\WINDOWS\System32\msvcrt.dll
0x00007ffc19920000 - 0x00007ffc19949000 	C:\WINDOWS\System32\GDI32.dll
0x00007ffc19190000 - 0x00007ffc192a8000 	C:\WINDOWS\System32\gdi32full.dll
0x00007ffc19670000 - 0x00007ffc1970a000 	C:\WINDOWS\System32\msvcp_win.dll
0x00007ffc1a110000 - 0x00007ffc1a141000 	C:\WINDOWS\System32\IMM32.DLL
0x00007ffc03ab0000 - 0x00007ffc03abc000 	c:\Users\nguye\.cursor\extensions\redhat.java-1.35.1-win32-x64\jre\17.0.12-win32-x86_64\bin\vcruntime140_1.dll
0x00007ffbf7790000 - 0x00007ffbf781d000 	c:\Users\nguye\.cursor\extensions\redhat.java-1.35.1-win32-x64\jre\17.0.12-win32-x86_64\bin\msvcp140.dll
0x00007ffb84fe0000 - 0x00007ffb85c4a000 	c:\Users\nguye\.cursor\extensions\redhat.java-1.35.1-win32-x64\jre\17.0.12-win32-x86_64\bin\server\jvm.dll
0x00007ffc1a250000 - 0x00007ffc1a302000 	C:\WINDOWS\System32\ADVAPI32.dll
0x00007ffc1ba80000 - 0x00007ffc1bb28000 	C:\WINDOWS\System32\sechost.dll
0x00007ffc19830000 - 0x00007ffc19858000 	C:\WINDOWS\System32\bcrypt.dll
0x00007ffc1a4c0000 - 0x00007ffc1a5d4000 	C:\WINDOWS\System32\RPCRT4.dll
0x00007ffc1bb30000 - 0x00007ffc1bba1000 	C:\WINDOWS\System32\WS2_32.dll
0x00007ffc17db0000 - 0x00007ffc17dfd000 	C:\WINDOWS\SYSTEM32\POWRPROF.dll
0x00007ffc0f0a0000 - 0x00007ffc0f0d4000 	C:\WINDOWS\SYSTEM32\WINMM.dll
0x00007ffc10b50000 - 0x00007ffc10b5a000 	C:\WINDOWS\SYSTEM32\VERSION.dll
0x00007ffc17d90000 - 0x00007ffc17da3000 	C:\WINDOWS\SYSTEM32\UMPDC.dll
0x00007ffc18040000 - 0x00007ffc18058000 	C:\WINDOWS\SYSTEM32\kernel.appcore.dll
0x00007ffbffdd0000 - 0x00007ffbffdda000 	c:\Users\nguye\.cursor\extensions\redhat.java-1.35.1-win32-x64\jre\17.0.12-win32-x86_64\bin\jimage.dll
0x00007ffc168b0000 - 0x00007ffc16ae2000 	C:\WINDOWS\SYSTEM32\DBGHELP.DLL
0x00007ffc1b6e0000 - 0x00007ffc1ba6e000 	C:\WINDOWS\System32\combase.dll
0x00007ffc1a310000 - 0x00007ffc1a3e7000 	C:\WINDOWS\System32\OLEAUT32.dll
0x00007ffc0c9c0000 - 0x00007ffc0c9f2000 	C:\WINDOWS\SYSTEM32\dbgcore.DLL
0x00007ffc19110000 - 0x00007ffc1918b000 	C:\WINDOWS\System32\bcryptPrimitives.dll
0x00007ffbff3c0000 - 0x00007ffbff3ce000 	c:\Users\nguye\.cursor\extensions\redhat.java-1.35.1-win32-x64\jre\17.0.12-win32-x86_64\bin\instrument.dll
0x00007ffbf3ed0000 - 0x00007ffbf3ef5000 	c:\Users\nguye\.cursor\extensions\redhat.java-1.35.1-win32-x64\jre\17.0.12-win32-x86_64\bin\java.dll
0x00007ffbfa680000 - 0x00007ffbfa698000 	c:\Users\nguye\.cursor\extensions\redhat.java-1.35.1-win32-x64\jre\17.0.12-win32-x86_64\bin\zip.dll
0x00007ffc1ae70000 - 0x00007ffc1b6d9000 	C:\WINDOWS\System32\SHELL32.dll
0x00007ffc16e80000 - 0x00007ffc1777f000 	C:\WINDOWS\SYSTEM32\windows.storage.dll
0x00007ffc16d40000 - 0x00007ffc16e7f000 	C:\WINDOWS\SYSTEM32\wintypes.dll
0x00007ffc1a640000 - 0x00007ffc1a739000 	C:\WINDOWS\System32\SHCORE.dll
0x00007ffc1a5e0000 - 0x00007ffc1a63e000 	C:\WINDOWS\System32\shlwapi.dll
0x00007ffc18e30000 - 0x00007ffc18e57000 	C:\WINDOWS\SYSTEM32\profapi.dll
0x00007ffbfa360000 - 0x00007ffbfa379000 	C:\Users\nguye\.cursor\extensions\redhat.java-1.35.1-win32-x64\jre\17.0.12-win32-x86_64\bin\net.dll
0x00007ffc10850000 - 0x00007ffc10986000 	C:\WINDOWS\SYSTEM32\WINHTTP.dll
0x00007ffc184b0000 - 0x00007ffc18519000 	C:\WINDOWS\system32\mswsock.dll
0x00007ffbf7770000 - 0x00007ffbf7786000 	C:\Users\nguye\.cursor\extensions\redhat.java-1.35.1-win32-x64\jre\17.0.12-win32-x86_64\bin\nio.dll
0x00007ffbfec00000 - 0x00007ffbfec10000 	c:\Users\nguye\.cursor\extensions\redhat.java-1.35.1-win32-x64\jre\17.0.12-win32-x86_64\bin\verify.dll
0x00007ffbd99b0000 - 0x00007ffbd99f5000 	C:\Users\nguye\AppData\Roaming\Cursor\User\globalStorage\redhat.java\1.35.1\config_win\org.eclipse.equinox.launcher\org.eclipse.equinox.launcher.win32.win32.x86_64_1.2.1100.v20240722-2106\eclipse_11904.dll
0x00007ffc19950000 - 0x00007ffc19af5000 	C:\WINDOWS\System32\ole32.dll
0x00007ffbfeba0000 - 0x00007ffbfeba9000 	C:\Users\nguye\.cursor\extensions\redhat.java-1.35.1-win32-x64\jre\17.0.12-win32-x86_64\bin\management.dll
0x00007ffbfe250000 - 0x00007ffbfe25b000 	C:\Users\nguye\.cursor\extensions\redhat.java-1.35.1-win32-x64\jre\17.0.12-win32-x86_64\bin\management_ext.dll
0x00007ffc1a740000 - 0x00007ffc1a748000 	C:\WINDOWS\System32\PSAPI.DLL
0x00007ffc18700000 - 0x00007ffc1871b000 	C:\WINDOWS\SYSTEM32\CRYPTSP.dll
0x00007ffc17fa0000 - 0x00007ffc17fd5000 	C:\WINDOWS\system32\rsaenh.dll
0x00007ffc185a0000 - 0x00007ffc185c8000 	C:\WINDOWS\SYSTEM32\USERENV.dll
0x00007ffc18720000 - 0x00007ffc1872c000 	C:\WINDOWS\SYSTEM32\CRYPTBASE.dll
0x00007ffc17a50000 - 0x00007ffc17a7d000 	C:\WINDOWS\SYSTEM32\IPHLPAPI.DLL
0x00007ffc19cb0000 - 0x00007ffc19cb9000 	C:\WINDOWS\System32\NSI.dll
0x00007ffc104a0000 - 0x00007ffc104b9000 	C:\WINDOWS\SYSTEM32\dhcpcsvc6.DLL
0x00007ffc0ffc0000 - 0x00007ffc0ffdf000 	C:\WINDOWS\SYSTEM32\dhcpcsvc.DLL
0x00007ffc17ac0000 - 0x00007ffc17bc2000 	C:\WINDOWS\SYSTEM32\DNSAPI.dll
0x00007ffbd8c30000 - 0x00007ffbd8c79000 	C:\Users\nguye\AppData\Local\Temp\jna-104772072\jna756256305665445680.dll

dbghelp: loaded successfully - version: 4.0.5 - missing functions: none
symbol engine: initialized successfully - sym options: 0x614 - pdb path: .;c:\Users\nguye\.cursor\extensions\redhat.java-1.35.1-win32-x64\jre\17.0.12-win32-x86_64\bin;C:\WINDOWS\SYSTEM32;C:\WINDOWS\WinSxS\amd64_microsoft.windows.common-controls_6595b64144ccf1df_6.0.22621.3672_none_2713b9d173822955;c:\Users\nguye\.cursor\extensions\redhat.java-1.35.1-win32-x64\jre\17.0.12-win32-x86_64\bin\server;C:\Users\nguye\AppData\Roaming\Cursor\User\globalStorage\redhat.java\1.35.1\config_win\org.eclipse.equinox.launcher\org.eclipse.equinox.launcher.win32.win32.x86_64_1.2.1100.v20240722-2106;C:\Users\nguye\AppData\Local\Temp\jna-104772072

VM Arguments:
jvm_args: --add-modules=ALL-SYSTEM --add-opens=java.base/java.util=ALL-UNNAMED --add-opens=java.base/java.lang=ALL-UNNAMED --add-opens=java.base/sun.nio.fs=ALL-UNNAMED -Declipse.application=org.eclipse.jdt.ls.core.id1 -Dosgi.bundles.defaultStartLevel=4 -Declipse.product=org.eclipse.jdt.ls.core.product -Djava.import.generatesMetadataFilesAtProjectRoot=false -DDetectVMInstallationsJob.disabled=true -Dfile.encoding=utf8 -XX:+UseParallelGC -XX:GCTimeRatio=4 -XX:AdaptiveSizePolicyWeight=90 -Dsun.zip.disableMemoryMapping=true -Xmx1G -Xms100m -Xlog:disable -javaagent:c:\Users\nguye\.cursor\extensions\redhat.java-1.35.1-win32-x64\lombok\lombok-1.18.33.jar -XX:+HeapDumpOnOutOfMemoryError -XX:HeapDumpPath=c:\Users\nguye\AppData\Roaming\Cursor\User\workspaceStorage\627dba60e2dc9733b21ab407e8830a95\redhat.java -Daether.dependencyCollector.impl=bf 
java_command: c:\Users\nguye\.cursor\extensions\redhat.java-1.35.1-win32-x64\server\plugins\org.eclipse.equinox.launcher_1.6.900.v20240613-2009.jar -configuration c:\Users\nguye\AppData\Roaming\Cursor\User\globalStorage\redhat.java\1.35.1\config_win -data c:\Users\nguye\AppData\Roaming\Cursor\User\workspaceStorage\627dba60e2dc9733b21ab407e8830a95\redhat.java\jdt_ws --pipe=\\.\pipe\lsp-07f7034cc29d2a6d9ebaf1b63f66b17a-sock
java_class_path (initial): c:\Users\nguye\.cursor\extensions\redhat.java-1.35.1-win32-x64\server\plugins\org.eclipse.equinox.launcher_1.6.900.v20240613-2009.jar
Launcher Type: SUN_STANDARD

[Global flags]
    uintx AdaptiveSizePolicyWeight                 = 90                                        {product} {command line}
     intx CICompilerCount                          = 4                                         {product} {ergonomic}
    uintx GCTimeRatio                              = 4                                         {product} {command line}
     bool HeapDumpOnOutOfMemoryError               = true                                   {manageable} {command line}
    ccstr HeapDumpPath                             = c:\Users\nguye\AppData\Roaming\Cursor\User\workspaceStorage\627dba60e2dc9733b21ab407e8830a95\redhat.java         {manageable} {command line}
   size_t InitialHeapSize                          = 104857600                                 {product} {command line}
   size_t MaxHeapSize                              = 1073741824                                {product} {command line}
   size_t MaxNewSize                               = 357564416                                 {product} {ergonomic}
   size_t MinHeapDeltaBytes                        = 524288                                    {product} {ergonomic}
   size_t MinHeapSize                              = 104857600                                 {product} {command line}
   size_t NewSize                                  = 34603008                                  {product} {ergonomic}
    uintx NonNMethodCodeHeapSize                   = 5839372                                {pd product} {ergonomic}
    uintx NonProfiledCodeHeapSize                  = 122909434                              {pd product} {ergonomic}
   size_t OldSize                                  = 70254592                                  {product} {ergonomic}
    uintx ProfiledCodeHeapSize                     = 122909434                              {pd product} {ergonomic}
    uintx ReservedCodeCacheSize                    = 251658240                              {pd product} {ergonomic}
     bool SegmentedCodeCache                       = true                                      {product} {ergonomic}
   size_t SoftMaxHeapSize                          = 1073741824                             {manageable} {ergonomic}
     bool UseCompressedClassPointers               = true                           {product lp64_product} {ergonomic}
     bool UseCompressedOops                        = true                           {product lp64_product} {ergonomic}
     bool UseLargePagesIndividualAllocation        = false                                  {pd product} {ergonomic}
     bool UseParallelGC                            = true                                      {product} {command line}

Logging:
Log output configuration:
 #0: stdout all=off uptime,level,tags
 #1: stderr all=off uptime,level,tags

Environment Variables:
JAVA_HOME=C:\Program Files\Java\jdk-17
PATH=C:\Program Files\Common Files\Oracle\Java\javapath;C:\Windows\system32;C:\Windows;C:\Windows\System32\Wbem;C:\Windows\System32\WindowsPowerShell\v1.0\;C:\Windows\System32\OpenSSH\;C:\Program Files (x86)\Intel\Intel(R) Management Engine Components\DAL;C:\Program Files\Intel\Intel(R) Management Engine Components\DAL;C:\Program Files (x86)\NVIDIA Corporation\PhysX\Common;C:\Program Files\NVIDIA Corporation\NVIDIA NvDLISR;C:\WINDOWS\system32;C:\WINDOWS;C:\WINDOWS\System32\Wbem;C:\WINDOWS\System32\WindowsPowerShell\v1.0\;C:\WINDOWS\System32\OpenSSH\;C:\Program Files\dotnet\;C:\Program Files\nodejs\;C:\Program Files\Git\cmd;C:\Program Files\Java\jdk-17\bin;C:\Program Files\Cloudflare\Cloudflare WARP\;C:\Program Files\apache-maven-3.8.8\bin;C:\Users\nguye\miniconda3;C:\Users\nguye\miniconda3\Library\mingw-w64\bin;C:\Users\nguye\miniconda3\Library\usr\bin;C:\Users\nguye\miniconda3\Library\bin;C:\Users\nguye\miniconda3\Scripts;C:\Users\nguye\AppData\Local\Microsoft\WindowsApps;C:\Users\nguye\AppData\Local\Programs\Microsoft VS Code\bin;C:\Users\nguye\AppData\Roaming\npm
USERNAME=nguye
OS=Windows_NT
PROCESSOR_IDENTIFIER=Intel64 Family 6 Model 142 Stepping 12, GenuineIntel
TMP=C:\Users\nguye\AppData\Local\Temp
TEMP=C:\Users\nguye\AppData\Local\Temp



Periodic native trim disabled


---------------  S Y S T E M  ---------------

OS:
 Windows 11 , 64 bit Build 22621 (10.0.22621.3958)
OS uptime: 3 days 11:52 hours

CPU: total 8 (initial active 8) (4 cores per cpu, 2 threads per core) family 6 model 142 stepping 12 microcode 0xde, cx8, cmov, fxsr, ht, mmx, 3dnowpref, sse, sse2, sse3, ssse3, sse4.1, sse4.2, popcnt, lzcnt, tsc, tscinvbit, avx, avx2, aes, erms, clmul, bmi1, bmi2, adx, fma, vzeroupper, clflush, clflushopt
Processor Information for all 8 processors :
  Max Mhz: 1800, Current Mhz: 1600, Mhz Limit: 1584

Memory: 4k page, system-wide physical 8065M (630M free)
TotalPageFile size 21423M (AvailPageFile size 212M)
current process WorkingSet (physical memory assigned to process): 174M, peak: 176M
current process commit charge ("private bytes"): 268M, peak: 272M

vm_info: OpenJDK 64-Bit Server VM (17.0.12+7) for windows-amd64 JRE (17.0.12+7), built on Jul 16 2024 22:08:24 by "admin" with MS VC++ 16.10 / 16.11 (VS2019)

END.
