2024-10-31T03:02:51.373+07:00  INFO 18480 --- [doctorcare] [restartedMain] c.dut.doctorcare.DoctorCareApplication   : Starting DoctorCareApplication using Java 17.0.12 with PID 18480 (D:\DATN\doctor-care\doctor-care\target\classes started by nguye in D:\DATN\doctor-care\doctor-care)
2024-10-31T03:02:51.381+07:00  INFO 18480 --- [doctorcare] [restartedMain] c.dut.doctorcare.DoctorCareApplication   : The following 1 profile is active: "local"
2024-10-31T03:02:51.457+07:00  INFO 18480 --- [doctorcare] [restartedMain] .e.DevToolsPropertyDefaultsPostProcessor : Devtools property defaults active! Set 'spring.devtools.add-properties' to 'false' to disable
2024-10-31T03:02:51.457+07:00  INFO 18480 --- [doctorcare] [restartedMain] .e.DevToolsPropertyDefaultsPostProcessor : For additional web related logging consider setting the 'logging.level.web' property to 'DEBUG'
2024-10-31T03:02:53.194+07:00  INFO 18480 --- [doctorcare] [restartedMain] .s.d.r.c.RepositoryConfigurationDelegate : Bootstrapping Spring Data JPA repositories in DEFAULT mode.
2024-10-31T03:02:53.243+07:00  INFO 18480 --- [doctorcare] [restartedMain] .s.d.r.c.RepositoryConfigurationDelegate : Finished Spring Data repository scanning in 41 ms. Found 0 JPA repository interfaces.
2024-10-31T03:02:54.188+07:00  INFO 18480 --- [doctorcare] [restartedMain] o.s.b.w.embedded.tomcat.TomcatWebServer  : Tomcat initialized with port 8080 (http)
2024-10-31T03:02:54.210+07:00  INFO 18480 --- [doctorcare] [restartedMain] o.apache.catalina.core.StandardService   : Starting service [Tomcat]
2024-10-31T03:02:54.211+07:00  INFO 18480 --- [doctorcare] [restartedMain] o.apache.catalina.core.StandardEngine    : Starting Servlet engine: [Apache Tomcat/10.1.30]
2024-10-31T03:02:54.328+07:00  INFO 18480 --- [doctorcare] [restartedMain] o.a.c.c.C.[.[localhost].[/DoctorCare]    : Initializing Spring embedded WebApplicationContext
2024-10-31T03:02:54.331+07:00  INFO 18480 --- [doctorcare] [restartedMain] w.s.c.ServletWebServerApplicationContext : Root WebApplicationContext: initialization completed in 2872 ms
2024-10-31T03:02:55.472+07:00  INFO 18480 --- [doctorcare] [restartedMain] o.hibernate.jpa.internal.util.LogHelper  : HHH000204: Processing PersistenceUnitInfo [name: default]
2024-10-31T03:02:55.623+07:00  INFO 18480 --- [doctorcare] [restartedMain] org.hibernate.Version                    : HHH000412: Hibernate ORM core version 6.5.3.Final
2024-10-31T03:02:55.725+07:00  INFO 18480 --- [doctorcare] [restartedMain] o.h.c.internal.RegionFactoryInitiator    : HHH000026: Second-level cache disabled
2024-10-31T03:02:56.579+07:00  INFO 18480 --- [doctorcare] [restartedMain] o.s.o.j.p.SpringPersistenceUnitInfo      : No LoadTimeWeaver setup: ignoring JPA class transformer
2024-10-31T03:02:56.678+07:00  INFO 18480 --- [doctorcare] [restartedMain] com.zaxxer.hikari.HikariDataSource       : HikariPool-1 - Starting...
2024-10-31T03:02:58.865+07:00  INFO 18480 --- [doctorcare] [restartedMain] com.zaxxer.hikari.pool.HikariPool        : HikariPool-1 - Added connection com.mysql.cj.jdbc.ConnectionImpl@16a3b474
2024-10-31T03:02:58.869+07:00  INFO 18480 --- [doctorcare] [restartedMain] com.zaxxer.hikari.HikariDataSource       : HikariPool-1 - Start completed.
2024-10-31T03:02:59.029+07:00  WARN 18480 --- [doctorcare] [restartedMain] org.hibernate.orm.deprecation            : HHH90000025: MySQLDialect does not need to be specified explicitly using 'hibernate.dialect' (remove the property setting and it will be selected by default)
2024-10-31T03:03:00.860+07:00  INFO 18480 --- [doctorcare] [restartedMain] o.h.e.t.j.p.i.JtaPlatformInitiator       : HHH000489: No JTA platform available (set 'hibernate.transaction.jta.platform' to enable JTA platform integration)
2024-10-31T03:03:01.211+07:00  INFO 18480 --- [doctorcare] [restartedMain] j.LocalContainerEntityManagerFactoryBean : Initialized JPA EntityManagerFactory for persistence unit 'default'
2024-10-31T03:03:01.728+07:00  WARN 18480 --- [doctorcare] [restartedMain] JpaBaseConfiguration$JpaWebConfiguration : spring.jpa.open-in-view is enabled by default. Therefore, database queries may be performed during view rendering. Explicitly configure spring.jpa.open-in-view to disable this warning
2024-10-31T03:03:01.976+07:00  WARN 18480 --- [doctorcare] [restartedMain] s.w.s.m.m.a.RequestMappingHandlerMapping : Multiple @RequestMapping annotations found on public com.dut.doctorcare.dto.response.ApiResponse com.dut.doctorcare.controller.DoctorController.saveOrUpdate(com.dut.doctorcare.dto.request.DoctorRequest), but only the first will be used: [@org.springframework.web.bind.annotation.RequestMapping(consumes={}, headers={}, method={}, name="", params={}, path={"/profile"}, produces={}, value={"/profile"}), @org.springframework.web.bind.annotation.PostMapping(consumes={}, headers={}, name="", params={}, path={}, produces={}, value={})]
2024-10-31T03:03:01.984+07:00  WARN 18480 --- [doctorcare] [restartedMain] s.w.s.m.m.a.RequestMappingHandlerMapping : Multiple @RequestMapping annotations found on public com.dut.doctorcare.dto.response.ApiResponse com.dut.doctorcare.controller.SpecializationController.deleteSpecialization(java.lang.String), but only the first will be used: [@org.springframework.web.bind.annotation.RequestMapping(consumes={}, headers={}, method={}, name="", params={}, path={"/{id}"}, produces={}, value={"/{id}"}), @org.springframework.web.bind.annotation.DeleteMapping(consumes={}, headers={}, name="", params={}, path={}, produces={}, value={})]
2024-10-31T03:03:01.984+07:00  WARN 18480 --- [doctorcare] [restartedMain] s.w.s.m.m.a.RequestMappingHandlerMapping : Multiple @RequestMapping annotations found on public com.dut.doctorcare.dto.response.ApiResponse com.dut.doctorcare.controller.SpecializationController.getAllSpecializations(), but only the first will be used: [@org.springframework.web.bind.annotation.RequestMapping(consumes={}, headers={}, method={}, name="", params={}, path={}, produces={}, value={}), @org.springframework.web.bind.annotation.GetMapping(consumes={}, headers={}, name="", params={}, path={}, produces={}, value={})]
2024-10-31T03:03:01.986+07:00  WARN 18480 --- [doctorcare] [restartedMain] s.w.s.m.m.a.RequestMappingHandlerMapping : Multiple @RequestMapping annotations found on public com.dut.doctorcare.dto.response.ApiResponse com.dut.doctorcare.controller.SpecializationController.createSpecialization(com.dut.doctorcare.dto.request.SpecializationDto), but only the first will be used: [@org.springframework.web.bind.annotation.RequestMapping(consumes={}, headers={}, method={}, name="", params={}, path={"/create"}, produces={}, value={"/create"}), @org.springframework.web.bind.annotation.PostMapping(consumes={}, headers={}, name="", params={}, path={}, produces={}, value={})]
2024-10-31T03:03:01.988+07:00  WARN 18480 --- [doctorcare] [restartedMain] s.w.s.m.m.a.RequestMappingHandlerMapping : Multiple @RequestMapping annotations found on public com.dut.doctorcare.dto.response.ApiResponse com.dut.doctorcare.controller.UserController.registerDoctor(com.dut.doctorcare.dto.request.CreateDoctorRequest), but only the first will be used: [@org.springframework.web.bind.annotation.RequestMapping(consumes={}, headers={}, method={}, name="", params={}, path={"/register/doctor"}, produces={}, value={"/register/doctor"}), @org.springframework.web.bind.annotation.PostMapping(consumes={}, headers={}, name="", params={}, path={}, produces={}, value={})]
2024-10-31T03:03:01.989+07:00  WARN 18480 --- [doctorcare] [restartedMain] s.w.s.m.m.a.RequestMappingHandlerMapping : Multiple @RequestMapping annotations found on public com.dut.doctorcare.dto.response.ApiResponse com.dut.doctorcare.controller.UserController.registerPatient(com.dut.doctorcare.dto.request.UserRegistrationDto), but only the first will be used: [@org.springframework.web.bind.annotation.RequestMapping(consumes={}, headers={}, method={}, name="", params={}, path={"/register"}, produces={}, value={"/register"}), @org.springframework.web.bind.annotation.PostMapping(consumes={}, headers={}, name="", params={}, path={}, produces={}, value={})]
2024-10-31T03:03:02.469+07:00  INFO 18480 --- [doctorcare] [restartedMain] o.s.b.a.e.web.EndpointLinksResolver      : Exposing 1 endpoint beneath base path '/actuator'
2024-10-31T03:03:03.410+07:00  INFO 18480 --- [doctorcare] [restartedMain] o.s.b.d.a.OptionalLiveReloadServer       : LiveReload server is running on port 35729
2024-10-31T03:03:03.508+07:00  INFO 18480 --- [doctorcare] [restartedMain] o.s.b.w.embedded.tomcat.TomcatWebServer  : Tomcat started on port 8080 (http) with context path '/DoctorCare'
2024-10-31T03:03:03.535+07:00  INFO 18480 --- [doctorcare] [restartedMain] c.dut.doctorcare.DoctorCareApplication   : Started DoctorCareApplication in 13.009 seconds (process running for 14.704)
2024-10-31T03:03:03.869+07:00  INFO 18480 --- [doctorcare] [RMI TCP Connection(2)-192.168.1.35] o.a.c.c.C.[.[localhost].[/DoctorCare]    : Initializing Spring DispatcherServlet 'dispatcherServlet'
2024-10-31T03:03:03.869+07:00  INFO 18480 --- [doctorcare] [RMI TCP Connection(2)-192.168.1.35] o.s.web.servlet.DispatcherServlet        : Initializing Servlet 'dispatcherServlet'
2024-10-31T03:03:03.872+07:00  INFO 18480 --- [doctorcare] [RMI TCP Connection(2)-192.168.1.35] o.s.web.servlet.DispatcherServlet        : Completed initialization in 2 ms
2024-10-31T03:03:04.064+07:00  INFO 18480 --- [doctorcare] [restartedMain] c.dut.doctorcare.DoctorCareApplication   : App is working!!
2024-10-31T03:07:51.211+07:00  WARN 18480 --- [doctorcare] [http-nio-8080-exec-3] o.a.c.util.SessionIdGeneratorBase        : Creation of SecureRandom instance for session ID generation using [SHA1PRNG] took [189] milliseconds.
2024-10-31T03:09:47.704+07:00  WARN 18480 --- [doctorcare] [http-nio-8080-exec-7] .m.m.a.ExceptionHandlerExceptionResolver : Resolved [java.lang.NullPointerException: Cannot invoke "com.dut.doctorcare.dto.request.UserRegistrationDto.getEmail()" because the return value of "com.dut.doctorcare.dto.request.CreateDoctorRequest.getUserRegistrationDto()" is null]
2024-10-31T03:10:21.682+07:00  WARN 18480 --- [doctorcare] [http-nio-8080-exec-10] .m.m.a.ExceptionHandlerExceptionResolver : Resolved [java.lang.NullPointerException: Cannot invoke "com.dut.doctorcare.dto.request.UserRegistrationDto.getEmail()" because the return value of "com.dut.doctorcare.dto.request.CreateDoctorRequest.getUserRegistrationDto()" is null]
2024-10-31T03:10:58.477+07:00  WARN 18480 --- [doctorcare] [http-nio-8080-exec-1] .m.m.a.ExceptionHandlerExceptionResolver : Resolved [java.lang.NullPointerException: Cannot invoke "com.dut.doctorcare.dto.request.UserRegistrationDto.getEmail()" because the return value of "com.dut.doctorcare.dto.request.CreateDoctorRequest.getUserRegistrationDto()" is null]
2024-10-31T03:24:38.929+07:00  INFO 18480 --- [doctorcare] [SpringApplicationShutdownHook] j.LocalContainerEntityManagerFactoryBean : Closing JPA EntityManagerFactory for persistence unit 'default'
2024-10-31T03:24:38.957+07:00  INFO 18480 --- [doctorcare] [SpringApplicationShutdownHook] com.zaxxer.hikari.HikariDataSource       : HikariPool-1 - Shutdown initiated...
2024-10-31T03:24:38.987+07:00  INFO 18480 --- [doctorcare] [SpringApplicationShutdownHook] com.zaxxer.hikari.HikariDataSource       : HikariPool-1 - Shutdown completed.
